<?xml version="1.0" encoding="UTF-8"?>
<coverage generated="1762661579328" clover="3.2.0">
  <project timestamp="1762661579328" name="All files">
    <metrics statements="28" coveredstatements="28" conditionals="6" coveredconditionals="6" methods="3" coveredmethods="3" elements="37" coveredelements="37" complexity="0" loc="28" ncloc="28" packages="3" files="3" classes="3"/>
    <package name="src">
      <metrics statements="8" coveredstatements="8" conditionals="0" coveredconditionals="0" methods="1" coveredmethods="1"/>
      <file name="app.js" path="C:\Users\Jordan Guaman\OneDrive\Desktop\Laboratorio2_PruebasDeSoftware\Lab2\src\app.js">
        <metrics statements="8" coveredstatements="8" conditionals="0" coveredconditionals="0" methods="1" coveredmethods="1"/>
        <line num="2" count="1" type="stmt"/>
        <line num="3" count="1" type="stmt"/>
        <line num="6" count="1" type="stmt"/>
        <line num="9" count="1" type="stmt"/>
        <line num="12" count="1" type="stmt"/>
        <line num="15" count="1" type="stmt"/>
        <line num="16" count="1" type="stmt"/>
        <line num="20" count="1" type="stmt"/>
      </file>
    </package>
    <package name="src.controllers">
      <metrics statements="14" coveredstatements="14" conditionals="6" coveredconditionals="6" methods="2" coveredmethods="2"/>
      <file name="user.controller.js" path="C:\Users\Jordan Guaman\OneDrive\Desktop\Laboratorio2_PruebasDeSoftware\Lab2\src\controllers\user.controller.js">
        <metrics statements="14" coveredstatements="14" conditionals="6" coveredconditionals="6" methods="2" coveredmethods="2"/>
        <line num="2" count="1" type="stmt"/>
        <line num="5" count="1" type="stmt"/>
        <line num="6" count="2" type="stmt"/>
        <line num="10" count="1" type="stmt"/>
        <line num="11" count="7" type="stmt"/>
        <line num="14" count="7" type="cond" truecount="4" falsecount="0"/>
        <line num="15" count="2" type="stmt"/>
        <line num="21" count="5" type="stmt"/>
        <line num="22" count="5" type="cond" truecount="2" falsecount="0"/>
        <line num="23" count="1" type="stmt"/>
        <line num="29" count="4" type="stmt"/>
        <line num="35" count="4" type="stmt"/>
        <line num="38" count="4" type="stmt"/>
        <line num="42" count="1" type="stmt"/>
      </file>
    </package>
    <package name="src.routes">
      <metrics statements="6" coveredstatements="6" conditionals="0" coveredconditionals="0" methods="0" coveredmethods="0"/>
      <file name="user.routes.js" path="C:\Users\Jordan Guaman\OneDrive\Desktop\Laboratorio2_PruebasDeSoftware\Lab2\src\routes\user.routes.js">
        <metrics statements="6" coveredstatements="6" conditionals="0" coveredconditionals="0" methods="0" coveredmethods="0"/>
        <line num="2" count="1" type="stmt"/>
        <line num="3" count="1" type="stmt"/>
        <line num="6" count="1" type="stmt"/>
        <line num="9" count="1" type="stmt"/>
        <line num="12" count="1" type="stmt"/>
        <line num="15" count="1" type="stmt"/>
      </file>
    </package>
  </project>
</coverage>
