{"C:\\Users\\Jordan Guaman\\OneDrive\\Desktop\\Laboratorio2_PruebasDeSoftware\\Lab2\\src\\app.js": {"path":"C:\\Users\\Jordan Guaman\\OneDrive\\Desktop\\Laboratorio2_PruebasDeSoftware\\Lab2\\src\\app.js","statementMap":{"0":{"start":{"line":2,"column":16},"end":{"line":2,"column":34}},"1":{"start":{"line":3,"column":19},"end":{"line":3,"column":50}},"2":{"start":{"line":6,"column":12},"end":{"line":6,"column":21}},"3":{"start":{"line":9,"column":0},"end":{"line":9,"column":24}},"4":{"start":{"line":12,"column":0},"end":{"line":12,"column":30}},"5":{"start":{"line":15,"column":0},"end":{"line":17,"column":3}},"6":{"start":{"line":16,"column":2},"end":{"line":16,"column":53}},"7":{"start":{"line":20,"column":0},"end":{"line":20,"column":21}}},"fnMap":{"0":{"name":"(anonymous_0)","decl":{"start":{"line":15,"column":8},"end":{"line":15,"column":9}},"loc":{"start":{"line":15,"column":22},"end":{"line":17,"column":1}},"line":15}},"branchMap":{},"s":{"0":1,"1":1,"2":1,"3":1,"4":1,"5":1,"6":1,"7":1},"f":{"0":1},"b":{},"_coverageSchema":"1a1c01bbd47fc00a2c39e90264f33305004495a9","hash":"41506e952c1911f3f1e0ce7f576c569b7d11d8f2"}
,"C:\\Users\\Jordan Guaman\\OneDrive\\Desktop\\Laboratorio2_PruebasDeSoftware\\Lab2\\src\\controllers\\user.controller.js": {"path":"C:\\Users\\Jordan Guaman\\OneDrive\\Desktop\\Laboratorio2_PruebasDeSoftware\\Lab2\\src\\controllers\\user.controller.js","statementMap":{"0":{"start":{"line":2,"column":12},"end":{"line":2,"column":14}},"1":{"start":{"line":5,"column":20},"end":{"line":7,"column":1}},"2":{"start":{"line":6,"column":2},"end":{"line":6,"column":30}},"3":{"start":{"line":10,"column":19},"end":{"line":39,"column":1}},"4":{"start":{"line":11,"column":26},"end":{"line":11,"column":34}},"5":{"start":{"line":14,"column":2},"end":{"line":18,"column":3}},"6":{"start":{"line":15,"column":4},"end":{"line":17,"column":7}},"7":{"start":{"line":21,"column":21},"end":{"line":21,"column":49}},"8":{"start":{"line":22,"column":2},"end":{"line":26,"column":3}},"9":{"start":{"line":23,"column":4},"end":{"line":25,"column":7}},"10":{"start":{"line":29,"column":18},"end":{"line":33,"column":3}},"11":{"start":{"line":35,"column":2},"end":{"line":35,"column":22}},"12":{"start":{"line":38,"column":2},"end":{"line":38,"column":32}},"13":{"start":{"line":42,"column":0},"end":{"line":45,"column":2}}},"fnMap":{"0":{"name":"(anonymous_0)","decl":{"start":{"line":5,"column":20},"end":{"line":5,"column":21}},"loc":{"start":{"line":5,"column":34},"end":{"line":7,"column":1}},"line":5},"1":{"name":"(anonymous_1)","decl":{"start":{"line":10,"column":19},"end":{"line":10,"column":20}},"loc":{"start":{"line":10,"column":33},"end":{"line":39,"column":1}},"line":10}},"branchMap":{"0":{"loc":{"start":{"line":14,"column":2},"end":{"line":18,"column":3}},"type":"if","locations":[{"start":{"line":14,"column":2},"end":{"line":18,"column":3}},{"start":{},"end":{}}],"line":14},"1":{"loc":{"start":{"line":14,"column":6},"end":{"line":14,"column":21}},"type":"binary-expr","locations":[{"start":{"line":14,"column":6},"end":{"line":14,"column":11}},{"start":{"line":14,"column":15},"end":{"line":14,"column":21}}],"line":14},"2":{"loc":{"start":{"line":22,"column":2},"end":{"line":26,"column":3}},"type":"if","locations":[{"start":{"line":22,"column":2},"end":{"line":26,"column":3}},{"start":{},"end":{}}],"line":22}},"s":{"0":1,"1":1,"2":2,"3":1,"4":7,"5":7,"6":2,"7":5,"8":5,"9":1,"10":4,"11":4,"12":4,"13":1},"f":{"0":2,"1":7},"b":{"0":[2,5],"1":[7,6],"2":[1,4]},"_coverageSchema":"1a1c01bbd47fc00a2c39e90264f33305004495a9","hash":"f4be40638921ae785648e8873822287b8f016c03"}
,"C:\\Users\\Jordan Guaman\\OneDrive\\Desktop\\Laboratorio2_PruebasDeSoftware\\Lab2\\src\\routes\\user.routes.js": {"path":"C:\\Users\\Jordan Guaman\\OneDrive\\Desktop\\Laboratorio2_PruebasDeSoftware\\Lab2\\src\\routes\\user.routes.js","statementMap":{"0":{"start":{"line":2,"column":16},"end":{"line":2,"column":34}},"1":{"start":{"line":3,"column":36},"end":{"line":3,"column":77}},"2":{"start":{"line":6,"column":15},"end":{"line":6,"column":31}},"3":{"start":{"line":9,"column":0},"end":{"line":9,"column":29}},"4":{"start":{"line":12,"column":0},"end":{"line":12,"column":29}},"5":{"start":{"line":15,"column":0},"end":{"line":15,"column":24}}},"fnMap":{},"branchMap":{},"s":{"0":1,"1":1,"2":1,"3":1,"4":1,"5":1},"f":{},"b":{},"_coverageSchema":"1a1c01bbd47fc00a2c39e90264f33305004495a9","hash":"ddb0240ca19d40595728449ad086c3587c2ccb74"}
}
