TN:
SF:src\app.js
FN:15,(anonymous_0)
FNF:1
FNH:1
FNDA:1,(anonymous_0)
DA:2,1
DA:3,1
DA:6,1
DA:9,1
DA:12,1
DA:15,1
DA:16,1
DA:20,1
LF:8
LH:8
BRF:0
BRH:0
end_of_record
TN:
SF:src\controllers\user.controller.js
FN:5,(anonymous_0)
FN:10,(anonymous_1)
FNF:2
FNH:2
FNDA:2,(anonymous_0)
FNDA:7,(anonymous_1)
DA:2,1
DA:5,1
DA:6,2
DA:10,1
DA:11,7
DA:14,7
DA:15,2
DA:21,5
DA:22,5
DA:23,1
DA:29,4
DA:35,4
DA:38,4
DA:42,1
LF:14
LH:14
BRDA:14,0,0,2
BRDA:14,0,1,5
BRDA:14,1,0,7
BRDA:14,1,1,6
BRDA:22,2,0,1
BRDA:22,2,1,4
BRF:6
BRH:6
end_of_record
TN:
SF:src\routes\user.routes.js
FNF:0
FNH:0
DA:2,1
DA:3,1
DA:6,1
DA:9,1
DA:12,1
DA:15,1
LF:6
LH:6
BRF:0
BRH:0
end_of_record
